<story path="stories/RAE/SearchInRealAcademiaEspanola.story" title="Sample story">
<narrative keyword="Narrative:">
  <inOrderTo keyword="In order to">search a word in the Royal Academy of Spain</inOrderTo>
  <asA keyword="As a">user</asA>
  <iWantTo keyword="I want to">be able to Search</iWantTo>
</narrative>
<scenario keyword="Scenario:" title="look for definition of &apos;cerdo&apos;">
<step outcome="successful">Given the user is in Real Academia Espanola home page</step>
<step outcome="failed" keyword="FAILED">When the user looks for the word &apos;cerdo&apos;<failure>net.serenitybdd.core.exceptions.SerenityManagedException: Timed out after 2 seconds. Element not available
Build info: version: &apos;2.53.1&apos;, revision: &apos;a36b8b1cd5757287168e54b817830adce9b0158d&apos;, time: &apos;2016-06-30 19:26:09&apos;
System info: host: &apos;ascbojvildozo&apos;, ip: &apos;192.168.56.1&apos;, os.name: &apos;Windows 10&apos;, os.arch: &apos;amd64&apos;, os.version: &apos;10.0&apos;, java.version: &apos;1.8.0_121&apos;
Driver info: driver.version: unknown</failure></step>
<step outcome="notPerformed" keyword="NOT PERFORMED">When user clicks on search</step>
<step outcome="notPerformed" keyword="NOT PERFORMED">Then user should see the &apos;cerdo, da&apos;</step>
<failure>net.serenitybdd.core.exceptions.SerenityManagedException: Timed out after 2 seconds. Element not available
Build info: version: &apos;2.53.1&apos;, revision: &apos;a36b8b1cd5757287168e54b817830adce9b0158d&apos;, time: &apos;2016-06-30 19:26:09&apos;
System info: host: &apos;ascbojvildozo&apos;, ip: &apos;192.168.56.1&apos;, os.name: &apos;Windows 10&apos;, os.arch: &apos;amd64&apos;, os.version: &apos;10.0&apos;, java.version: &apos;1.8.0_121&apos;
Driver info: driver.version: unknown
	at net.serenitybdd.core.exceptions.SerenityManagedException.detachedCopyOf(SerenityManagedException.java:20)
	at net.thucydides.core.steps.StepInterceptor.runTestStep(StepInterceptor.java:341)
	at net.thucydides.core.steps.StepInterceptor.testStepResult(StepInterceptor.java:134)
	at net.thucydides.core.steps.StepInterceptor.intercept(StepInterceptor.java:61)
	at javier_jbehave_serenity.steps.serenity.EndUserSteps$$EnhancerByCGLIB$$75082428.looks_for(&lt;generated&gt;)
	at javier_jbehave_serenity.steps.DefinitionSteps.whenTheUserLooksForTheWord(DefinitionSteps.java:22)
	(reflection-invoke)
	at org.jbehave.core.steps.StepCreator$ParametrisedStep.perform(StepCreator.java:599)
	at org.jbehave.core.embedder.PerformableTree$FineSoFar.run(PerformableTree.java:340)
...</failure>
</scenario>
</story>
