<?xml version="1.0" encoding="UTF-8"?>
<testsuite name="javier_jbehave_serenity.AcceptanceTestSuite" time="106.765" tests="9" errors="2" skipped="1" failures="2">
  <properties>
[...]
</properties>
  <testcase name="BeforeStories" classname="java.lang.Object" time="0.259"/>
  <testcase name="Given the user is in Real Academia Espanola home page" classname="javier_jbehave_serenity.steps.DefinitionSteps" time="24.246"/>
  <testcase name="When the user looks for the word &apos;cerdo&apos;" classname="javier_jbehave_serenity.steps.DefinitionSteps" time="17.675"/>
  <testcase name="When user clicks on search" classname="javier_jbehave_serenity.steps.DefinitionSteps" time="19.381">
    <error message="Timed out after 2 seconds. Element not available&#10;Build info: version: &apos;2.53.1&apos;, revision: &apos;a36b8b1cd5757287168e54b817830adce9b0158d&apos;, time: &apos;2016-06-30 19:26:09&apos;&#10;System info: host: &apos;jv-VM&apos;, ip: &apos;127.0.1.1&apos;, os.name: &apos;Linux&apos;, os.arch: &apos;amd64&apos;, os.version: &apos;4.4.0-72-generic&apos;, java.version: &apos;1.8.0_121&apos;&#10;Driver info: driver.version: unknown" type="net.serenitybdd.core.exceptions.SerenityManagedException"><![CDATA[net.serenitybdd.core.exceptions.SerenityManagedException: Timed out after 2 seconds. Element not available
Build info: version: '2.53.1', revision: 'a36b8b1cd5757287168e54b817830adce9b0158d', time: '2016-06-30 19:26:09'
System info: host: 'jv-VM', ip: '127.0.1.1', os.name: 'Linux', os.arch: 'amd64', os.version: '4.4.0-72-generic', java.version: '1.8.0_121'
Driver info: driver.version: unknown
	at net.thucydides.core.annotations.locators.SmartAjaxElementLocator.ajaxFindElement(SmartAjaxElementLocator.java:147)
	at net.thucydides.core.annotations.locators.SmartAjaxElementLocator.findElement(SmartAjaxElementLocator.java:102)
	at net.serenitybdd.core.pages.WebElementResolverByElementLocator.resolveForDriver(WebElementResolverByElementLocator.java:27)
	at net.serenitybdd.core.pages.WebElementFacadeImpl.getElement(WebElementFacadeImpl.java:176)
	at net.serenitybdd.core.pages.WebElementFacadeImpl.withTimeoutOf(WebElementFacadeImpl.java:312)
	at net.serenitybdd.core.pages.WebElementFacadeImpl.waitUntilElementAvailable(WebElementFacadeImpl.java:708)
	at net.serenitybdd.core.pages.WebElementFacadeImpl.click(WebElementFacadeImpl.java:947)
	at sun.reflect.NativeMethodAccessorImpl.invoke0(Native Method)
	at sun.reflect.NativeMethodAccessorImpl.invoke(NativeMethodAccessorImpl.java:62)
	at sun.reflect.DelegatingMethodAccessorImpl.invoke(DelegatingMethodAccessorImpl.java:43)
	at java.lang.reflect.Method.invoke(Method.java:498)
	at net.thucydides.core.annotations.locators.AbstractSingleItemHandler.invoke(AbstractSingleItemHandler.java:45)
	at com.sun.proxy.$Proxy21.click(Unknown Source)
	at javier_jbehave_serenity.pages.RAE_Page.lookup_terms(RAE_Page.java:30)
	at javier_jbehave_serenity.steps.serenity.EndUserSteps.clicks_button(EndUserSteps.java:37)
	at javier_jbehave_serenity.steps.serenity.EndUserSteps$$EnhancerByCGLIB$$bb72e61.CGLIB$clicks_button$4(<generated>)
	at javier_jbehave_serenity.steps.serenity.EndUserSteps$$EnhancerByCGLIB$$bb72e61$$FastClassByCGLIB$$6987942b.invoke(<generated>)
	at net.sf.cglib.proxy.MethodProxy.invokeSuper(MethodProxy.java:228)
	at net.thucydides.core.steps.StepInterceptor.invokeMethod(StepInterceptor.java:372)
	at net.thucydides.core.steps.StepInterceptor.executeTestStepMethod(StepInterceptor.java:357)
	at net.thucydides.core.steps.StepInterceptor.runTestStep(StepInterceptor.java:332)
	at net.thucydides.core.steps.StepInterceptor.testStepResult(StepInterceptor.java:134)
	at net.thucydides.core.steps.StepInterceptor.intercept(StepInterceptor.java:61)
	at javier_jbehave_serenity.steps.serenity.EndUserSteps$$EnhancerByCGLIB$$bb72e61.clicks_button(<generated>)
	at javier_jbehave_serenity.steps.DefinitionSteps.whenTheUserClicksOnSearch(DefinitionSteps.java:27)
]]></error>
    <system-out><![CDATA[When the user looks for the word 'cerdo'
]]></system-out>
  </testcase>
  <testcase name="Then user should see the &apos;cerdo, da&apos;" classname="javier_jbehave_serenity.steps.DefinitionSteps" time="0">
    <skipped/>
    <system-out><![CDATA[When user clicks on search (FAILED)
(net.serenitybdd.core.exceptions.SerenityManagedException: Timed out after 2 seconds. Element not available
Build info: version: '2.53.1', revision: 'a36b8b1cd5757287168e54b817830adce9b0158d', time: '2016-06-30 19:26:09'
System info: host: 'jv-VM', ip: '127.0.1.1', os.name: 'Linux', os.arch: 'amd64', os.version: '4.4.0-72-generic', java.version: '1.8.0_121'
Driver info: driver.version: unknown)
]]></system-out>
  </testcase>
  <testcase name="Scenario: look for definition of &apos;cerdo&apos;" classname="Scenario: look for definition of &apos;cerdo&apos;" time="19.429">
    <failure message="scenario failed!" type="java.lang.AssertionError">java.lang.AssertionError: scenario failed!
	at de.codecentric.jbehave.junit.monitoring.JUnitScenarioReporter.afterScenario(JUnitScenarioReporter.java:218)
	at org.jbehave.core.reporters.DelegatingStoryReporter.afterScenario(DelegatingStoryReporter.java:43)
	at org.jbehave.core.reporters.ConcurrentStoryReporter.afterScenario(ConcurrentStoryReporter.java:176)
	at org.jbehave.core.embedder.PerformableTree$PerformableScenario.perform(PerformableTree.java:890)
	at org.jbehave.core.embedder.PerformableTree$PerformableStory.performScenarios(PerformableTree.java:811)
	at org.jbehave.core.embedder.PerformableTree$PerformableStory.perform(PerformableTree.java:784)
	at org.jbehave.core.embedder.PerformableTree.performCancellable(PerformableTree.java:416)
	at org.jbehave.core.embedder.PerformableTree.perform(PerformableTree.java:387)
	at org.jbehave.core.embedder.StoryManager$EnqueuedStory.call(StoryManager.java:291)
	at org.jbehave.core.embedder.StoryManager$EnqueuedStory.call(StoryManager.java:265)
	at java.util.concurrent.FutureTask.run(FutureTask.java:266)
	at java.util.concurrent.ThreadPoolExecutor.runWorker(ThreadPoolExecutor.java:1142)
	at java.util.concurrent.ThreadPoolExecutor$Worker.run(ThreadPoolExecutor.java:617)
	at java.lang.Thread.run(Thread.java:745)
</failure>
    <system-out><![CDATA[Then user should see the 'cerdo, da' (NOT PERFORMED)
]]></system-out>
  </testcase>
  <testcase name="SearchInRealAcademiaEspanola.story" classname="SearchInRealAcademiaEspanola.story" time="21.624">
    <failure message="story failed!" type="java.lang.AssertionError">java.lang.AssertionError: story failed!
	at de.codecentric.jbehave.junit.monitoring.JUnitScenarioReporter.afterStory(JUnitScenarioReporter.java:143)
	at org.jbehave.core.reporters.DelegatingStoryReporter.afterStory(DelegatingStoryReporter.java:49)
	at org.jbehave.core.reporters.ConcurrentStoryReporter.afterStory(ConcurrentStoryReporter.java:122)
	at org.jbehave.core.embedder.PerformableTree$PerformableStory.perform(PerformableTree.java:792)
	at org.jbehave.core.embedder.PerformableTree.performCancellable(PerformableTree.java:416)
	at org.jbehave.core.embedder.PerformableTree.perform(PerformableTree.java:387)
	at org.jbehave.core.embedder.StoryManager$EnqueuedStory.call(StoryManager.java:291)
	at org.jbehave.core.embedder.StoryManager$EnqueuedStory.call(StoryManager.java:265)
	at java.util.concurrent.FutureTask.run(FutureTask.java:266)
	at java.util.concurrent.ThreadPoolExecutor.runWorker(ThreadPoolExecutor.java:1142)
	at java.util.concurrent.ThreadPoolExecutor$Worker.run(ThreadPoolExecutor.java:617)
	at java.lang.Thread.run(Thread.java:745)
</failure>
    <system-out><![CDATA[
net.serenitybdd.core.exceptions.SerenityManagedException: Timed out after 2 seconds. Element not available
Build info: version: '2.53.1', revision: 'a36b8b1cd5757287168e54b817830adce9b0158d', time: '2016-06-30 19:26:09'
System info: host: 'jv-VM', ip: '127.0.1.1', os.name: 'Linux', os.arch: 'amd64', os.version: '4.4.0-72-generic', java.version: '1.8.0_121'
Driver info: driver.version: unknown
	at net.serenitybdd.core.exceptions.SerenityManagedException.detachedCopyOf(SerenityManagedException.java:20)
	at net.thucydides.core.steps.StepInterceptor.runTestStep(StepInterceptor.java:341)
	at net.thucydides.core.steps.StepInterceptor.testStepResult(StepInterceptor.java:134)
	at net.thucydides.core.steps.StepInterceptor.intercept(StepInterceptor.java:61)
	at javier_jbehave_serenity.steps.serenity.EndUserSteps$$EnhancerByCGLIB$$bb72e61.clicks_button(<generated>)
	at javier_jbehave_serenity.steps.DefinitionSteps.whenTheUserClicksOnSearch(DefinitionSteps.java:27)
	(reflection-invoke)
	at org.jbehave.core.steps.StepCreator$ParametrisedStep.perform(StepCreator.java:599)
	at org.jbehave.core.embedder.PerformableTree$FineSoFar.run(PerformableTree.java:340)
...
]]></system-out>
    <system-err><![CDATA[[pool-1-thread-1] ERROR net.serenitybdd.core.Serenity - 
           __  _____ _____ ____ _____   _____ _    ___ _     _____ ____  
  _       / / |_   _| ____/ ___|_   _| |  ___/ \  |_ _| |   | ____|  _ \ 
 (_)_____| |    | | |  _| \___ \ | |   | |_ / _ \  | || |   |  _| | | | |
  _|_____| |    | | | |___ ___) || |   |  _/ ___ \ | || |___| |___| |_| |
 (_)     | |    |_| |_____|____/ |_|   |_|/_/   \_\___|_____|_____|____/ 
          \_\                                                            

TEST FAILED WITH ERROR: look for definition of 'cerdo'
---------------------------------------------------------------------
[pool-1-thread-1] ERROR net.serenitybdd.core.Serenity - TEST FAILED AT STEP Clicks button
[pool-1-thread-1] ERROR net.serenitybdd.core.Serenity - Timed out after 2 seconds. Element not available
]]></system-err>
  </testcase>
  <testcase name="AfterStories" classname="java.lang.Object" time="0.005"/>
  <testcase name="javier_jbehave_serenity.AcceptanceTestSuite" classname="org.apache.maven.surefire.junit4.JUnit4Provider" time="4.146">
    <error message="org.jbehave.core.embedder.Embedder$RunningStoriesFailed: Failures in running stories: &#10;org.jbehave.core.embedder.PerformableTree$SomethingHappened@6e4327c5: net.serenitybdd.core.exceptions.SerenityManagedException: Timed out after 2 seconds. Element not available&#10;Build info: version: &apos;2.53.1&apos;, revision: &apos;a36b8b1cd5757287168e54b817830adce9b0158d&apos;, time: &apos;2016-06-30 19:26:09&apos;&#10;System info: host: &apos;jv-VM&apos;, ip: &apos;127.0.1.1&apos;, os.name: &apos;Linux&apos;, os.arch: &apos;amd64&apos;, os.version: &apos;4.4.0-72-generic&apos;, java.version: &apos;1.8.0_121&apos;&#10;Driver info: driver.version: unknown" type="java.lang.RuntimeException">java.lang.RuntimeException: org.jbehave.core.embedder.Embedder$RunningStoriesFailed: Failures in running stories: 
org.jbehave.core.embedder.PerformableTree$SomethingHappened@6e4327c5: net.serenitybdd.core.exceptions.SerenityManagedException: Timed out after 2 seconds. Element not available
Build info: version: '2.53.1', revision: 'a36b8b1cd5757287168e54b817830adce9b0158d', time: '2016-06-30 19:26:09'
System info: host: 'jv-VM', ip: '127.0.1.1', os.name: 'Linux', os.arch: 'amd64', os.version: '4.4.0-72-generic', java.version: '1.8.0_121'
Driver info: driver.version: unknown
	at org.jbehave.core.embedder.Embedder$ThrowingRunningStoriesFailed.handleFailures(Embedder.java:553)
	at org.jbehave.core.embedder.Embedder.handleFailures(Embedder.java:238)
	at org.jbehave.core.embedder.Embedder.runStoriesAsPaths(Embedder.java:216)
	at net.serenitybdd.jbehave.embedders.ExtendedEmbedder.runStoriesAsPaths(ExtendedEmbedder.java:60)
	at net.serenitybdd.jbehave.runners.SerenityReportingRunner.run(SerenityReportingRunner.java:174)
	at org.apache.maven.surefire.junit4.JUnit4Provider.execute(JUnit4Provider.java:283)
	at org.apache.maven.surefire.junit4.JUnit4Provider.executeWithRerun(JUnit4Provider.java:173)
	at org.apache.maven.surefire.junit4.JUnit4Provider.executeTestSet(JUnit4Provider.java:153)
	at org.apache.maven.surefire.junit4.JUnit4Provider.invoke(JUnit4Provider.java:128)
</error>
    <system-out><![CDATA[
Generating reports view to '/home/jv/workspace/javier_jbehave_serenity/target/jbehave' using formats '[stats, console, html, xml, serenityreporter, junitscenarioreporter]' and view properties '{decorateNonHtml=true}'
Reports view generated with 2 stories (of which 0 pending) containing 1 scenarios (of which 0 pending)
Failures in reports view: 1 scenarios failed
]]></system-out>
  </testcase>
</testsuite>