<?xml version="1.0" encoding="UTF-8"?><testsuite errors="1" failures="0" name="Sample story" skipped="0" tests="1" time="70.71" timestamp="2017-04-97 05:14:32"><testcase name="look for definition of 'cerdo'"><error message="Timed out after 2 seconds. Element not available&#10;Build info: version: '2.53.1', revision: 'a36b8b1cd5757287168e54b817830adce9b0158d', time: '2016-06-30 19:26:09'&#10;System info: host: 'jv-VM', ip: '127.0.1.1', os.name: 'Linux', os.arch: 'amd64', os.version: '4.4.0-72-generic', java.version: '1.8.0_121'&#10;Driver info: driver.version: unknown" type="org.openqa.selenium.ElementNotVisibleException">Timed out after 2 seconds. Element not available
Build info: version: '2.53.1', revision: 'a36b8b1cd5757287168e54b817830adce9b0158d', time: '2016-06-30 19:26:09'
System info: host: 'jv-VM', ip: '127.0.1.1', os.name: 'Linux', os.arch: 'amd64', os.version: '4.4.0-72-generic', java.version: '1.8.0_121'
Driver info: driver.version: unknown</error><system-err>Timed out after 2 seconds. Element not available
Build info: version: '2.53.1', revision: 'a36b8b1cd5757287168e54b817830adce9b0158d', time: '2016-06-30 19:26:09'
System info: host: 'jv-VM', ip: '127.0.1.1', os.name: 'Linux', os.arch: 'amd64', os.version: '4.4.0-72-generic', java.version: '1.8.0_121'
Driver info: driver.version: unknown
javier_jbehave_serenity.pages.RAE_Page.lookup_terms(RAE_Page.java:30)
javier_jbehave_serenity.steps.serenity.EndUserSteps.clicks_button(EndUserSteps.java:37)
javier_jbehave_serenity.steps.DefinitionSteps.whenTheUserClicksOnSearch(DefinitionSteps.java:27)
</system-err></testcase></testsuite>