<?xml version="1.0" encoding="UTF-8"?><testsuite errors="1" failures="0" name="Sample story" skipped="0" tests="1" time="26.89" timestamp="2017-04-102 04:49:04"><testcase name="look for definition of 'cerdo'"><error message="Timed out after 2 seconds. Element not available&#10;Build info: version: '2.53.1', revision: 'a36b8b1cd5757287168e54b817830adce9b0158d', time: '2016-06-30 19:26:09'&#10;System info: host: 'ascbojvildozo', ip: '192.168.56.1', os.name: 'Windows 10', os.arch: 'amd64', os.version: '10.0', java.version: '1.8.0_121'&#10;Driver info: driver.version: unknown" type="org.openqa.selenium.ElementNotVisibleException">Timed out after 2 seconds. Element not available
Build info: version: '2.53.1', revision: 'a36b8b1cd5757287168e54b817830adce9b0158d', time: '2016-06-30 19:26:09'
System info: host: 'ascbojvildozo', ip: '192.168.56.1', os.name: 'Windows 10', os.arch: 'amd64', os.version: '10.0', java.version: '1.8.0_121'
Driver info: driver.version: unknown</error><system-err>Timed out after 2 seconds. Element not available
Build info: version: '2.53.1', revision: 'a36b8b1cd5757287168e54b817830adce9b0158d', time: '2016-06-30 19:26:09'
System info: host: 'ascbojvildozo', ip: '192.168.56.1', os.name: 'Windows 10', os.arch: 'amd64', os.version: '10.0', java.version: '1.8.0_121'
Driver info: driver.version: unknown&#13;
javier_jbehave_serenity.pages.RAE_Page.enter_keywords(RAE_Page.java:26)&#13;
javier_jbehave_serenity.steps.serenity.EndUserSteps.looks_for(EndUserSteps.java:28)&#13;
javier_jbehave_serenity.steps.DefinitionSteps.whenTheUserLooksForTheWord(DefinitionSteps.java:22)&#13;
</system-err></testcase></testsuite>